2022-03-17 10:20:00,557 INFO org.springframework.boot.StartupInfoLogger [main] Starting ShoppingCartQueryServiceApplication using Java 17.0.1 on Muhwezi-Allan.local with PID 45299 (/Users/allan/JavaProjects/SA/project/SA-ShoppingCart/ShoppingCartQueryService/target/classes started by allan in /Users/allan/JavaProjects/SA/project/SA-ShoppingCart/ShoppingCartQueryService)
2022-03-17 10:20:00,560 DEBUG org.springframework.boot.StartupInfoLogger [main] Running with Spring Boot v2.6.4, Spring v5.3.16
2022-03-17 10:20:00,560 INFO org.springframework.boot.SpringApplication [main] No active profile set, falling back to 1 default profile: "default"
2022-03-17 10:20:05,635 INFO org.springframework.boot.StartupInfoLogger [main] Started ShoppingCartQueryServiceApplication in 6.122 seconds (JVM running for 8.37)
2022-03-17 10:23:23,327 INFO com.example.shoppingcartqueryservice.service.CartQueryService [org.springframework.kafka.KafkaListenerEndpointContainer#1-0-C-1] Received Kafka message on topic: ADD-PRODUCT with payload: {"cartNumber":1,"productNumber":1,"quantity":8,"price":10.2}
2022-03-17 10:23:23,337 INFO com.example.shoppingcartqueryservice.service.CartQueryService [org.springframework.kafka.KafkaListenerEndpointContainer#0-0-C-1] Received Kafka message on topic: CART-CREATED with payload: {"shoppingCartNumber":1,"customerId":"customer1","cartLines":{}}
2022-03-17 10:23:23,885 INFO com.example.shoppingcartqueryservice.controllers.CartQueryController [http-nio-8085-exec-1] GET request for /carts/1
2022-03-17 10:23:23,913 ERROR org.springframework.core.log.LogAccessor [org.springframework.kafka.KafkaListenerEndpointContainer#1-0-C-1] Error handler threw an exception
org.springframework.kafka.KafkaException: Seek to current after exception; nested exception is org.springframework.kafka.listener.ListenerExecutionFailedException: Listener method 'public void com.example.shoppingcartqueryservice.service.CartQueryService.addProduct(java.lang.String) throws com.fasterxml.jackson.core.JsonProcessingException' threw exception; nested exception is java.util.NoSuchElementException: No value present; nested exception is java.util.NoSuchElementException: No value present
	at org.springframework.kafka.listener.SeekUtils.seekOrRecover(SeekUtils.java:206)
	at org.springframework.kafka.listener.DefaultErrorHandler.handleRemaining(DefaultErrorHandler.java:133)
	at org.springframework.kafka.listener.KafkaMessageListenerContainer$ListenerConsumer.invokeErrorHandler(KafkaMessageListenerContainer.java:2621)
	at org.springframework.kafka.listener.KafkaMessageListenerContainer$ListenerConsumer.doInvokeRecordListener(KafkaMessageListenerContainer.java:2503)
	at org.springframework.kafka.listener.KafkaMessageListenerContainer$ListenerConsumer.doInvokeWithRecords(KafkaMessageListenerContainer.java:2402)
	at org.springframework.kafka.listener.KafkaMessageListenerContainer$ListenerConsumer.invokeRecordListener(KafkaMessageListenerContainer.java:2281)
	at org.springframework.kafka.listener.KafkaMessageListenerContainer$ListenerConsumer.invokeListener(KafkaMessageListenerContainer.java:1955)
	at org.springframework.kafka.listener.KafkaMessageListenerContainer$ListenerConsumer.invokeIfHaveRecords(KafkaMessageListenerContainer.java:1354)
	at org.springframework.kafka.listener.KafkaMessageListenerContainer$ListenerConsumer.pollAndInvoke(KafkaMessageListenerContainer.java:1345)
	at org.springframework.kafka.listener.KafkaMessageListenerContainer$ListenerConsumer.run(KafkaMessageListenerContainer.java:1237)
	at java.base/java.util.concurrent.Executors$RunnableAdapter.call(Executors.java:539)
	at java.base/java.util.concurrent.FutureTask.run(FutureTask.java:264)
	at java.base/java.lang.Thread.run(Thread.java:833)
Caused by: org.springframework.kafka.listener.ListenerExecutionFailedException: Listener method 'public void com.example.shoppingcartqueryservice.service.CartQueryService.addProduct(java.lang.String) throws com.fasterxml.jackson.core.JsonProcessingException' threw exception; nested exception is java.util.NoSuchElementException: No value present; nested exception is java.util.NoSuchElementException: No value present
	at org.springframework.kafka.listener.KafkaMessageListenerContainer$ListenerConsumer.decorateException(KafkaMessageListenerContainer.java:2634)
	at org.springframework.kafka.listener.KafkaMessageListenerContainer$ListenerConsumer.doInvokeOnMessage(KafkaMessageListenerContainer.java:2604)
	at org.springframework.kafka.listener.KafkaMessageListenerContainer$ListenerConsumer.invokeOnMessage(KafkaMessageListenerContainer.java:2565)
	at org.springframework.kafka.listener.KafkaMessageListenerContainer$ListenerConsumer.doInvokeRecordListener(KafkaMessageListenerContainer.java:2492)
	... 9 common frames omitted
Caused by: java.util.NoSuchElementException: No value present
	at java.base/java.util.Optional.get(Optional.java:143)
	at com.example.shoppingcartqueryservice.service.CartQueryService.getShoppingCart(CartQueryService.java:31)
	at com.example.shoppingcartqueryservice.service.CartQueryService.addProduct(CartQueryService.java:70)
	at java.base/jdk.internal.reflect.NativeMethodAccessorImpl.invoke0(Native Method)
	at java.base/jdk.internal.reflect.NativeMethodAccessorImpl.invoke(NativeMethodAccessorImpl.java:77)
	at java.base/jdk.internal.reflect.DelegatingMethodAccessorImpl.invoke(DelegatingMethodAccessorImpl.java:43)
	at java.base/java.lang.reflect.Method.invoke(Method.java:568)
	at org.springframework.messaging.handler.invocation.InvocableHandlerMethod.doInvoke(InvocableHandlerMethod.java:169)
	at org.springframework.messaging.handler.invocation.InvocableHandlerMethod.invoke(InvocableHandlerMethod.java:119)
	at org.springframework.kafka.listener.adapter.HandlerAdapter.invoke(HandlerAdapter.java:56)
	at org.springframework.kafka.listener.adapter.MessagingMessageListenerAdapter.invokeHandler(MessagingMessageListenerAdapter.java:347)
	at org.springframework.kafka.listener.adapter.RecordMessagingMessageListenerAdapter.onMessage(RecordMessagingMessageListenerAdapter.java:92)
	at org.springframework.kafka.listener.adapter.RecordMessagingMessageListenerAdapter.onMessage(RecordMessagingMessageListenerAdapter.java:53)
	at org.springframework.kafka.listener.adapter.RecordMessagingMessageListenerAdapter$$FastClassBySpringCGLIB$$cde8c01d.invoke(<generated>)
	at org.springframework.cglib.proxy.MethodProxy.invoke(MethodProxy.java:218)
	at org.springframework.aop.framework.CglibAopProxy$CglibMethodInvocation.invokeJoinpoint(CglibAopProxy.java:783)
	at org.springframework.aop.framework.ReflectiveMethodInvocation.proceed(ReflectiveMethodInvocation.java:163)
	at org.springframework.aop.framework.CglibAopProxy$CglibMethodInvocation.proceed(CglibAopProxy.java:753)
	at org.springframework.cloud.sleuth.brave.instrument.messaging.MessageListenerMethodInterceptor.invoke(MessageListenerMethodInterceptor.java:58)
	at org.springframework.aop.framework.ReflectiveMethodInvocation.proceed(ReflectiveMethodInvocation.java:186)
	at org.springframework.aop.framework.CglibAopProxy$CglibMethodInvocation.proceed(CglibAopProxy.java:753)
	at org.springframework.aop.framework.CglibAopProxy$DynamicAdvisedInterceptor.intercept(CglibAopProxy.java:698)
	at org.springframework.kafka.listener.adapter.RecordMessagingMessageListenerAdapter$$EnhancerBySpringCGLIB$$faa7a723.onMessage(<generated>)
	at org.springframework.kafka.listener.KafkaMessageListenerContainer$ListenerConsumer.doInvokeOnMessage(KafkaMessageListenerContainer.java:2584)
	... 11 common frames omitted
2022-03-17 10:23:24,078 INFO com.example.shoppingcartqueryservice.service.CartQueryService [org.springframework.kafka.KafkaListenerEndpointContainer#1-0-C-1] Received Kafka message on topic: ADD-PRODUCT with payload: {"cartNumber":1,"productNumber":1,"quantity":8,"price":10.2}
2022-03-17 10:23:24,092 INFO com.example.shoppingcartqueryservice.service.CartQueryService [org.springframework.kafka.KafkaListenerEndpointContainer#1-0-C-1] Received Kafka message on topic: ADD-PRODUCT with payload: {"cartNumber":1,"productNumber":2,"quantity":23,"price":44.43}
2022-03-17 10:23:24,109 INFO com.example.shoppingcartqueryservice.service.CartQueryService [org.springframework.kafka.KafkaListenerEndpointContainer#4-0-C-1] Received Kafka message on topic: CHANGE-QUANTITY with payload: {"cartNumber":1,"productNumber":1,"quantity":5,"price":10.2}
2022-03-17 10:23:24,122 INFO com.example.shoppingcartqueryservice.service.CartQueryService [org.springframework.kafka.KafkaListenerEndpointContainer#3-0-C-1] Received Kafka message on topic: REMOVE-PRODUCT with payload: {"cartNumber":1,"productNumber":2,"quantity":23,"price":44.43}
2022-03-17 10:23:26,135 INFO com.example.shoppingcartqueryservice.controllers.CartQueryController [http-nio-8085-exec-2] GET request for /carts/1
2022-03-17 10:23:26,208 INFO com.example.shoppingcartqueryservice.service.CartQueryService [org.springframework.kafka.KafkaListenerEndpointContainer#2-0-C-1] Received Kafka message on topic: CHECKOUT-FOR-QUERY with payload: 1
2022-03-17 10:24:28,397 INFO org.springframework.boot.StartupInfoLogger [main] Starting ShoppingCartQueryServiceApplication using Java 17.0.1 on Muhwezi-Allan.local with PID 47863 (/Users/allan/JavaProjects/SA/project/SA-ShoppingCart/ShoppingCartQueryService/target/classes started by allan in /Users/allan/JavaProjects/SA/project/SA-ShoppingCart/ShoppingCartQueryService)
2022-03-17 10:24:28,410 DEBUG org.springframework.boot.StartupInfoLogger [main] Running with Spring Boot v2.6.4, Spring v5.3.16
2022-03-17 10:24:28,417 INFO org.springframework.boot.SpringApplication [main] No active profile set, falling back to 1 default profile: "default"
2022-03-17 10:24:40,923 INFO org.springframework.boot.StartupInfoLogger [main] Started ShoppingCartQueryServiceApplication in 13.711 seconds (JVM running for 15.428)
2022-03-17 10:39:42,507 INFO com.example.shoppingcartqueryservice.service.CartQueryService [org.springframework.kafka.KafkaListenerEndpointContainer#2-0-C-1] Received Kafka message on topic: CART-CREATED with payload: {"shoppingCartNumber":1,"customerId":"customer1","cartLines":{}}
2022-03-17 10:40:10,591 INFO com.example.shoppingcartqueryservice.service.CartQueryService [org.springframework.kafka.KafkaListenerEndpointContainer#2-0-C-1] Received Kafka message on topic: CART-CREATED with payload: {"shoppingCartNumber":1,"customerId":"customer1","cartLines":{}}
2022-03-17 10:40:10,844 INFO com.example.shoppingcartqueryservice.service.CartQueryService [org.springframework.kafka.KafkaListenerEndpointContainer#4-0-C-1] Received Kafka message on topic: ADD-PRODUCT with payload: {"cartNumber":1,"productNumber":1,"quantity":8,"price":10.2}
2022-03-17 10:40:10,926 INFO com.example.shoppingcartqueryservice.service.CartQueryService [org.springframework.kafka.KafkaListenerEndpointContainer#4-0-C-1] Received Kafka message on topic: ADD-PRODUCT with payload: {"cartNumber":1,"productNumber":2,"quantity":23,"price":44.43}
2022-03-17 10:40:11,157 INFO com.example.shoppingcartqueryservice.controllers.CartQueryController [http-nio-8085-exec-1] GET request for /carts/1
2022-03-17 10:40:11,286 INFO com.example.shoppingcartqueryservice.service.CartQueryService [org.springframework.kafka.KafkaListenerEndpointContainer#1-0-C-1] Received Kafka message on topic: CHANGE-QUANTITY with payload: {"cartNumber":1,"productNumber":1,"quantity":5,"price":10.2}
2022-03-17 10:40:11,305 INFO com.example.shoppingcartqueryservice.service.CartQueryService [org.springframework.kafka.KafkaListenerEndpointContainer#0-0-C-1] Received Kafka message on topic: REMOVE-PRODUCT with payload: {"cartNumber":1,"productNumber":2,"quantity":23,"price":44.43}
2022-03-17 10:40:13,311 INFO com.example.shoppingcartqueryservice.controllers.CartQueryController [http-nio-8085-exec-2] GET request for /carts/1
2022-03-17 10:40:13,371 INFO com.example.shoppingcartqueryservice.service.CartQueryService [org.springframework.kafka.KafkaListenerEndpointContainer#3-0-C-1] Received Kafka message on topic: CHECKOUT-FOR-QUERY with payload: 1
